<?xml version="1.0" encoding="UTF-8"?>
<testsuite xmlns:xsi="http://www.w3.org/2001/XMLSchema-instance" xsi:noNamespaceSchemaLocation="https://maven.apache.org/surefire/maven-surefire-plugin/xsd/surefire-test-report.xsd" version="3.0.2" name="com.example.coupon.CouponApiApplicationTests" time="4.039" tests="1" errors="0" skipped="0" failures="0">
  <properties>
[...]
</properties>
  <testcase name="contextLoads" classname="com.example.coupon.CouponApiApplicationTests" time="0.4">
    <system-out><![CDATA[22:13:28.401 [main] INFO org.springframework.test.context.support.AnnotationConfigContextLoaderUtils -- Could not detect default configuration classes for test class [com.example.coupon.CouponApiApplicationTests]: CouponApiApplicationTests does not declare any static, non-private, non-final, nested classes annotated with @Configuration.
22:13:28.499 [main] INFO org.springframework.boot.test.context.SpringBootTestContextBootstrapper -- Found @SpringBootConfiguration com.example.coupon.CouponApiApplication for test class com.example.coupon.CouponApiApplicationTests
22:13:28.622 [main] INFO org.springframework.boot.devtools.restart.RestartApplicationListener -- Restart disabled due to context in which it is running

  .   ____          _            __ _ _
 /\\ / ___'_ __ _ _(_)_ __  __ _ \ \ \ \
( ( )\___ | '_ | '_| | '_ \/ _` | \ \ \ \
 \\/  ___)| |_)| | | | | || (_| |  ) ) ) )
  '  |____| .__|_| |_|_| |_\__, | / / / /
 =========|_|==============|___/=/_/_/_/

 :: Spring Boot ::                (v3.4.2)

2026-02-08T22:13:28.843-03:00  INFO 14040 --- [coupon-api] [           main] c.e.coupon.CouponApiApplicationTests     : Starting CouponApiApplicationTests using Java 23.0.2 with PID 14040 (started by Soares in E:\Documentos\Projetos\coupon-api)
2026-02-08T22:13:28.844-03:00  INFO 14040 --- [coupon-api] [           main] c.e.coupon.CouponApiApplicationTests     : No active profile set, falling back to 1 default profile: "default"
2026-02-08T22:13:29.477-03:00  INFO 14040 --- [coupon-api] [           main] .s.d.r.c.RepositoryConfigurationDelegate : Bootstrapping Spring Data JPA repositories in DEFAULT mode.
2026-02-08T22:13:29.526-03:00  INFO 14040 --- [coupon-api] [           main] .s.d.r.c.RepositoryConfigurationDelegate : Finished Spring Data repository scanning in 40 ms. Found 1 JPA repository interface.
2026-02-08T22:13:29.885-03:00  INFO 14040 --- [coupon-api] [           main] o.hibernate.jpa.internal.util.LogHelper  : HHH000204: Processing PersistenceUnitInfo [name: default]
2026-02-08T22:13:29.955-03:00  INFO 14040 --- [coupon-api] [           main] org.hibernate.Version                    : HHH000412: Hibernate ORM core version 6.6.5.Final
2026-02-08T22:13:29.984-03:00  INFO 14040 --- [coupon-api] [           main] o.h.c.internal.RegionFactoryInitiator    : HHH000026: Second-level cache disabled
2026-02-08T22:13:30.240-03:00  INFO 14040 --- [coupon-api] [           main] o.s.o.j.p.SpringPersistenceUnitInfo      : No LoadTimeWeaver setup: ignoring JPA class transformer
2026-02-08T22:13:30.266-03:00  INFO 14040 --- [coupon-api] [           main] com.zaxxer.hikari.HikariDataSource       : HikariPool-1 - Starting...
2026-02-08T22:13:30.412-03:00  INFO 14040 --- [coupon-api] [           main] com.zaxxer.hikari.pool.HikariPool        : HikariPool-1 - Added connection conn0: url=jdbc:h2:mem:coupondb user=SA
2026-02-08T22:13:30.414-03:00  INFO 14040 --- [coupon-api] [           main] com.zaxxer.hikari.HikariDataSource       : HikariPool-1 - Start completed.
2026-02-08T22:13:30.463-03:00  INFO 14040 --- [coupon-api] [           main] org.hibernate.orm.connections.pooling    : HHH10001005: Database info:
	Database JDBC URL [Connecting through datasource 'HikariDataSource (HikariPool-1)']
	Database driver: undefined/unknown
	Database version: 2.3.232
	Autocommit mode: undefined/unknown
	Isolation level: undefined/unknown
	Minimum pool size: undefined/unknown
	Maximum pool size: undefined/unknown
2026-02-08T22:13:31.072-03:00  INFO 14040 --- [coupon-api] [           main] o.h.e.t.j.p.i.JtaPlatformInitiator       : HHH000489: No JTA platform available (set 'hibernate.transaction.jta.platform' to enable JTA platform integration)
Hibernate: create table coupons (id uuid not null, code varchar(6) not null, description varchar(255) not null, discount_value numeric(38,2) not null, expiration_date timestamp(6) not null, published boolean not null, redeemed boolean not null, status enum ('ACTIVE','DELETED','INACTIVE') not null, primary key (id))
Hibernate: alter table if exists coupons drop constraint if exists UKeplt0kkm9yf2of2lnx6c1oy9b
Hibernate: alter table if exists coupons add constraint UKeplt0kkm9yf2of2lnx6c1oy9b unique (code)
2026-02-08T22:13:31.120-03:00  INFO 14040 --- [coupon-api] [           main] j.LocalContainerEntityManagerFactoryBean : Initialized JPA EntityManagerFactory for persistence unit 'default'
2026-02-08T22:13:31.850-03:00  INFO 14040 --- [coupon-api] [           main] o.s.b.a.h2.H2ConsoleAutoConfiguration    : H2 console available at '/h2-console'. Database available at 'jdbc:h2:mem:coupondb'
2026-02-08T22:13:31.897-03:00  INFO 14040 --- [coupon-api] [           main] c.e.coupon.CouponApiApplicationTests     : Started CouponApiApplicationTests in 3.286 seconds (process running for 4.09)
]]></system-out>
    <system-err><![CDATA[Mockito is currently self-attaching to enable the inline-mock-maker. This will no longer work in future releases of the JDK. Please add Mockito as an agent to your build what is described in Mockito's documentation: https://javadoc.io/doc/org.mockito/mockito-core/latest/org/mockito/Mockito.html#0.3
WARNING: A Java agent has been loaded dynamically (C:\Users\Soares\.m2\repository\net\bytebuddy\byte-buddy-agent\1.15.11\byte-buddy-agent-1.15.11.jar)
WARNING: If a serviceability tool is in use, please run with -XX:+EnableDynamicAgentLoading to hide this warning
WARNING: If a serviceability tool is not in use, please run with -Djdk.instrument.traceUsage for more information
WARNING: Dynamic loading of agents will be disallowed by default in a future release
]]></system-err>
  </testcase>
</testsuite>